# JRE version: Java(TM) SE Runtime Environment (8.0_191-b12) (build 1.8.0_191-b12)
# Java VM: Java HotSpot(TM) 64-Bit Server VM (25.191-b12 mixed mode windows-amd64 compressed oops)
Heap:
 PSYoungGen      total 794624K, used 367155K [0x000000076b400000, 0x00000007a0d80000, 0x00000007c0000000)
  eden space 726528K, 44% used [0x000000076b400000,0x000000077ee664b0,0x0000000797980000)
  from space 68096K, 66% used [0x000000079cb00000,0x000000079f726818,0x00000007a0d80000)
  to   space 75776K, 0% used [0x0000000797980000,0x0000000797980000,0x000000079c380000)
 ParOldGen       total 268800K, used 199052K [0x00000006c1c00000, 0x00000006d2280000, 0x000000076b400000)
  object space 268800K, 74% used [0x00000006c1c00000,0x00000006cde63008,0x00000006d2280000)
 Metaspace       used 60812K, capacity 61753K, committed 62208K, reserved 1103872K
  class space    used 7611K, capacity 7887K, committed 7936K, reserved 1048576K
GC Heap History (10 events):
Event: 37.575 GC heap before
{Heap before GC invocations=24 (full 6):
 PSYoungGen      total 629760K, used 550400K [0x000000076b400000, 0x000000079d800000, 0x00000007c0000000)
  eden space 550400K, 100% used [0x000000076b400000,0x000000078cd80000,0x000000078cd80000)
  from space 79360K, 0% used [0x000000078cd80000,0x000000078cd80000,0x0000000791b00000)
  to   space 92160K, 0% used [0x0000000797e00000,0x0000000797e00000,0x000000079d800000)
 ParOldGen       total 268800K, used 199020K [0x00000006c1c00000, 0x00000006d2280000, 0x000000076b400000)
  object space 268800K, 74% used [0x00000006c1c00000,0x00000006cde5b008,0x00000006d2280000)
 Metaspace       used 59549K, capacity 60467K, committed 60928K, reserved 1101824K
  class space    used 7589K, capacity 7848K, committed 7936K, reserved 1048576K
Event: 37.593 GC heap after
Heap after GC invocations=24 (full 6):
 PSYoungGen      total 700416K, used 33907K [0x000000076b400000, 0x000000079c400000, 0x00000007c0000000)
  eden space 628736K, 0% used [0x000000076b400000,0x000000076b400000,0x0000000791a00000)
  from space 71680K, 47% used [0x0000000797e00000,0x0000000799f1cf48,0x000000079c400000)
  to   space 87040K, 0% used [0x0000000791a00000,0x0000000791a00000,0x0000000796f00000)
 ParOldGen       total 268800K, used 199028K [0x00000006c1c00000, 0x00000006d2280000, 0x000000076b400000)
  object space 268800K, 74% used [0x00000006c1c00000,0x00000006cde5d008,0x00000006d2280000)
 Metaspace       used 59549K, capacity 60467K, committed 60928K, reserved 1101824K
  class space    used 7589K, capacity 7848K, committed 7936K, reserved 1048576K
}
Event: 42.943 GC heap before
{Heap before GC invocations=25 (full 6):
 PSYoungGen      total 700416K, used 662643K [0x000000076b400000, 0x000000079c400000, 0x00000007c0000000)
  eden space 628736K, 100% used [0x000000076b400000,0x0000000791a00000,0x0000000791a00000)
  from space 71680K, 47% used [0x0000000797e00000,0x0000000799f1cf48,0x000000079c400000)
  to   space 87040K, 0% used [0x0000000791a00000,0x0000000791a00000,0x0000000796f00000)
 ParOldGen       total 268800K, used 199028K [0x00000006c1c00000, 0x00000006d2280000, 0x000000076b400000)
  object space 268800K, 74% used [0x00000006c1c00000,0x00000006cde5d008,0x00000006d2280000)
 Metaspace       used 59974K, capacity 60959K, committed 61184K, reserved 1101824K
  class space    used 7594K, capacity 7882K, committed 7936K, reserved 1048576K
Event: 42.956 GC heap after
Heap after GC invocations=25 (full 6):
 PSYoungGen      total 715776K, used 35127K [0x000000076b400000, 0x00000007a0680000, 0x00000007c0000000)
  eden space 628736K, 0% used [0x000000076b400000,0x000000076b400000,0x0000000791a00000)
  from space 87040K, 40% used [0x0000000791a00000,0x0000000793c4de30,0x0000000796f00000)
  to   space 82432K, 0% used [0x000000079b600000,0x000000079b600000,0x00000007a0680000)
 ParOldGen       total 268800K, used 199028K [0x00000006c1c00000, 0x00000006d2280000, 0x000000076b400000)
  object space 268800K, 74% used [0x00000006c1c00000,0x00000006cde5d008,0x00000006d2280000)
 Metaspace       used 59974K, capacity 60959K, committed 61184K, reserved 1101824K
  class space    used 7594K, capacity 7882K, committed 7936K, reserved 1048576K
}
Event: 52.229 GC heap before
{Heap before GC invocations=26 (full 6):
 PSYoungGen      total 715776K, used 663863K [0x000000076b400000, 0x00000007a0680000, 0x00000007c0000000)
  eden space 628736K, 100% used [0x000000076b400000,0x0000000791a00000,0x0000000791a00000)
  from space 87040K, 40% used [0x0000000791a00000,0x0000000793c4de30,0x0000000796f00000)
  to   space 82432K, 0% used [0x000000079b600000,0x000000079b600000,0x00000007a0680000)
 ParOldGen       total 268800K, used 199028K [0x00000006c1c00000, 0x00000006d2280000, 0x000000076b400000)
  object space 268800K, 74% used [0x00000006c1c00000,0x00000006cde5d008,0x00000006d2280000)
 Metaspace       used 60397K, capacity 61343K, committed 61696K, reserved 1103872K
  class space    used 7596K, capacity 7882K, committed 7936K, reserved 1048576K
Event: 52.242 GC heap after
Heap after GC invocations=26 (full 6):
 PSYoungGen      total 755712K, used 38548K [0x000000076b400000, 0x000000079f300000, 0x00000007c0000000)
  eden space 693248K, 0% used [0x000000076b400000,0x000000076b400000,0x0000000795900000)
  from space 62464K, 61% used [0x000000079b600000,0x000000079dba5240,0x000000079f300000)
  to   space 78848K, 0% used [0x0000000795900000,0x0000000795900000,0x000000079a600000)
 ParOldGen       total 268800K, used 199036K [0x00000006c1c00000, 0x00000006d2280000, 0x000000076b400000)
  object space 268800K, 74% used [0x00000006c1c00000,0x00000006cde5f008,0x00000006d2280000)
 Metaspace       used 60397K, capacity 61343K, committed 61696K, reserved 1103872K
  class space    used 7596K, capacity 7882K, committed 7936K, reserved 1048576K
}
Event: 64.870 GC heap before
{Heap before GC invocations=27 (full 6):
 PSYoungGen      total 755712K, used 731796K [0x000000076b400000, 0x000000079f300000, 0x00000007c0000000)
  eden space 693248K, 100% used [0x000000076b400000,0x0000000795900000,0x0000000795900000)
  from space 62464K, 61% used [0x000000079b600000,0x000000079dba5240,0x000000079f300000)
  to   space 78848K, 0% used [0x0000000795900000,0x0000000795900000,0x000000079a600000)
 ParOldGen       total 268800K, used 199036K [0x00000006c1c00000, 0x00000006d2280000, 0x000000076b400000)
  object space 268800K, 74% used [0x00000006c1c00000,0x00000006cde5f008,0x00000006d2280000)
 Metaspace       used 60662K, capacity 61607K, committed 61952K, reserved 1103872K
  class space    used 7605K, capacity 7884K, committed 7936K, reserved 1048576K
Event: 64.885 GC heap after
Heap after GC invocations=27 (full 6):
 PSYoungGen      total 772096K, used 42787K [0x000000076b400000, 0x00000007a1600000, 0x00000007c0000000)
  eden space 693248K, 0% used [0x000000076b400000,0x000000076b400000,0x0000000795900000)
  from space 78848K, 54% used [0x0000000795900000,0x00000007982c8fa8,0x000000079a600000)
  to   space 76800K, 0% used [0x000000079cb00000,0x000000079cb00000,0x00000007a1600000)
 ParOldGen       total 268800K, used 199044K [0x00000006c1c00000, 0x00000006d2280000, 0x000000076b400000)
  object space 268800K, 74% used [0x00000006c1c00000,0x00000006cde61008,0x00000006d2280000)
 Metaspace       used 60662K, capacity 61607K, committed 61952K, reserved 1103872K
  class space    used 7605K, capacity 7884K, committed 7936K, reserved 1048576K
}
Event: 77.251 GC heap before
{Heap before GC invocations=28 (full 6):
 PSYoungGen      total 772096K, used 736035K [0x000000076b400000, 0x00000007a1600000, 0x00000007c0000000)
  eden space 693248K, 100% used [0x000000076b400000,0x0000000795900000,0x0000000795900000)
  from space 78848K, 54% used [0x0000000795900000,0x00000007982c8fa8,0x000000079a600000)
  to   space 76800K, 0% used [0x000000079cb00000,0x000000079cb00000,0x00000007a1600000)
 ParOldGen       total 268800K, used 199044K [0x00000006c1c00000, 0x00000006d2280000, 0x000000076b400000)
  object space 268800K, 74% used [0x00000006c1c00000,0x00000006cde61008,0x00000006d2280000)
 Metaspace       used 60709K, capacity 61683K, committed 61952K, reserved 1103872K
  class space    used 7607K, capacity 7886K, committed 7936K, reserved 1048576K
Event: 77.264 GC heap after
Heap after GC invocations=28 (full 6):
 PSYoungGen      total 794624K, used 45210K [0x000000076b400000, 0x00000007a0d80000, 0x00000007c0000000)
  eden space 726528K, 0% used [0x000000076b400000,0x000000076b400000,0x0000000797980000)
  from space 68096K, 66% used [0x000000079cb00000,0x000000079f726818,0x00000007a0d80000)
  to   space 75776K, 0% used [0x0000000797980000,0x0000000797980000,0x000000079c380000)
 ParOldGen       total 268800K, used 199052K [0x00000006c1c00000, 0x00000006d2280000, 0x000000076b400000)
  object space 268800K, 74% used [0x00000006c1c00000,0x00000006cde63008,0x00000006d2280000)
 Metaspace       used 60709K, capacity 61683K, committed 61952K, reserved 1103872K
  class space    used 7607K, capacity 7886K, committed 7936K, reserved 1048576K
}

